2017-08-17 14:48:33.103  INFO 13317 --- [main] o.a.maven.surefire.booter.ForkedBooter   : Starting ForkedBooter v2.17 on work with PID 13317 (/home/denis/.m2/repository/org/apache/maven/surefire/surefire-booter/2.17/surefire-booter-2.17.jar started by denis in /home/denis/Documents/microservices-spring-boot-demo-master/mail-service-backend)
2017-08-17 14:48:33.141  INFO 13317 --- [main] s.c.a.AnnotationConfigApplicationContext : Refreshing org.springframework.context.annotation.AnnotationConfigApplicationContext@4e91d63f: startup date [Thu Aug 17 14:48:33 BRT 2017]; root of context hierarchy
2017-08-17 14:48:33.485  INFO 13317 --- [main] a.ConfigurationClassBeanDefinitionReader : Skipping bean definition for [BeanMethod:name=receiver,declaringClass=net.jiaoqsh.backend.mail.config.RabbitmqConfig]: a definition for bean 'receiver' already exists. This top-level bean definition is considered as an override.
2017-08-17 14:48:33.677  INFO 13317 --- [main] trationDelegate$BeanPostProcessorChecker : Bean 'org.springframework.amqp.rabbit.annotation.RabbitBootstrapConfiguration' of type [class org.springframework.amqp.rabbit.annotation.RabbitBootstrapConfiguration$$EnhancerBySpringCGLIB$$b2bd1846] is not eligible for getting processed by all BeanPostProcessors (for example: not eligible for auto-proxying)
2017-08-17 14:48:34.002  INFO 13317 --- [main] o.s.c.support.DefaultLifecycleProcessor  : Starting beans in phase 2147483647
2017-08-17 14:48:34.017  INFO 13317 --- [main] o.a.maven.surefire.booter.ForkedBooter   : Started ForkedBooter in 1.276 seconds (JVM running for 1.798)
2017-08-17 14:48:34.025  INFO 13317 --- [Thread-1] s.c.a.AnnotationConfigApplicationContext : Closing org.springframework.context.annotation.AnnotationConfigApplicationContext@4e91d63f: startup date [Thu Aug 17 14:48:33 BRT 2017]; root of context hierarchy
2017-08-17 14:48:34.026  INFO 13317 --- [Thread-1] o.s.c.support.DefaultLifecycleProcessor  : Stopping beans in phase 2147483647
2017-08-17 14:48:34.027  INFO 13317 --- [Thread-1] o.s.a.r.l.SimpleMessageListenerContainer : Waiting for workers to finish.
2017-08-17 14:48:34.027  INFO 13317 --- [Thread-1] o.s.a.r.l.SimpleMessageListenerContainer : Successfully waited for workers to finish.
2017-08-17 14:51:27.440  INFO 13575 --- [main] o.a.maven.surefire.booter.ForkedBooter   : Starting ForkedBooter v2.17 on work with PID 13575 (/home/denis/.m2/repository/org/apache/maven/surefire/surefire-booter/2.17/surefire-booter-2.17.jar started by denis in /home/denis/Documents/microservices-spring-boot-demo-master/mail-service-backend)
2017-08-17 14:51:27.489  INFO 13575 --- [main] s.c.a.AnnotationConfigApplicationContext : Refreshing org.springframework.context.annotation.AnnotationConfigApplicationContext@d4342c2: startup date [Thu Aug 17 14:51:27 BRT 2017]; root of context hierarchy
2017-08-17 14:51:27.978  INFO 13575 --- [main] a.ConfigurationClassBeanDefinitionReader : Skipping bean definition for [BeanMethod:name=receiver,declaringClass=net.jiaoqsh.backend.mail.config.RabbitmqConfig]: a definition for bean 'receiver' already exists. This top-level bean definition is considered as an override.
2017-08-17 14:51:28.283  INFO 13575 --- [main] trationDelegate$BeanPostProcessorChecker : Bean 'org.springframework.amqp.rabbit.annotation.RabbitBootstrapConfiguration' of type [class org.springframework.amqp.rabbit.annotation.RabbitBootstrapConfiguration$$EnhancerBySpringCGLIB$$b2bd1846] is not eligible for getting processed by all BeanPostProcessors (for example: not eligible for auto-proxying)
2017-08-17 14:51:28.675  INFO 13575 --- [main] o.s.c.support.DefaultLifecycleProcessor  : Starting beans in phase 2147483647
2017-08-17 14:51:28.731  INFO 13575 --- [main] o.a.maven.surefire.booter.ForkedBooter   : Started ForkedBooter in 1.883 seconds (JVM running for 2.927)
2017-08-17 14:51:28.803  INFO 13575 --- [Thread-1] s.c.a.AnnotationConfigApplicationContext : Closing org.springframework.context.annotation.AnnotationConfigApplicationContext@d4342c2: startup date [Thu Aug 17 14:51:27 BRT 2017]; root of context hierarchy
2017-08-17 14:51:28.804  INFO 13575 --- [Thread-1] o.s.c.support.DefaultLifecycleProcessor  : Stopping beans in phase 2147483647
2017-08-17 14:51:28.806  INFO 13575 --- [Thread-1] o.s.a.r.l.SimpleMessageListenerContainer : Waiting for workers to finish.
2017-08-17 14:51:28.806  INFO 13575 --- [Thread-1] o.s.a.r.l.SimpleMessageListenerContainer : Successfully waited for workers to finish.
2017-08-17 15:10:28.364  INFO 14742 --- [main] c.m.m.MailServiceBackendApplicationTests : Starting MailServiceBackendApplicationTests on work with PID 14742 (started by denis in /home/denis/Documents/microservices-spring-boot-demo-master/monitor-mail)
2017-08-17 15:10:28.365  INFO 14742 --- [main] c.m.m.MailServiceBackendApplicationTests : No active profile set, falling back to default profiles: default
2017-08-17 15:10:28.476  INFO 14742 --- [main] s.c.a.AnnotationConfigApplicationContext : Refreshing org.springframework.context.annotation.AnnotationConfigApplicationContext@3a44431a: startup date [Thu Aug 17 15:10:28 BRT 2017]; root of context hierarchy
2017-08-17 15:10:29.285  INFO 14742 --- [main] o.s.b.f.s.DefaultListableBeanFactory     : Overriding bean definition for bean 'receiver' with a different definition: replacing [Generic bean: class [com.monitor.mail.service.Receiver]; scope=singleton; abstract=false; lazyInit=false; autowireMode=0; dependencyCheck=0; autowireCandidate=true; primary=false; factoryBeanName=null; factoryMethodName=null; initMethodName=null; destroyMethodName=null; defined in file [/home/denis/Documents/microservices-spring-boot-demo-master/monitor-mail/target/classes/com/monitor/mail/service/Receiver.class]] with [Root bean: class [null]; scope=; abstract=false; lazyInit=false; autowireMode=3; dependencyCheck=0; autowireCandidate=true; primary=false; factoryBeanName=rabbitmqConfig; factoryMethodName=receiver; initMethodName=null; destroyMethodName=(inferred); defined in class path resource [com/monitor/mail/config/RabbitmqConfig.class]]
2017-08-17 15:10:29.811  INFO 14742 --- [main] trationDelegate$BeanPostProcessorChecker : Bean 'org.springframework.amqp.rabbit.annotation.RabbitBootstrapConfiguration' of type [org.springframework.amqp.rabbit.annotation.RabbitBootstrapConfiguration$$EnhancerBySpringCGLIB$$af90886] is not eligible for getting processed by all BeanPostProcessors (for example: not eligible for auto-proxying)
2017-08-17 15:10:31.069  INFO 14742 --- [main] o.s.c.support.DefaultLifecycleProcessor  : Starting beans in phase -2147482648
2017-08-17 15:10:31.070  INFO 14742 --- [main] o.s.c.support.DefaultLifecycleProcessor  : Starting beans in phase 2147483647
2017-08-17 15:10:31.141  INFO 14742 --- [main] c.m.m.MailServiceBackendApplicationTests : Started MailServiceBackendApplicationTests in 4.056 seconds (JVM running for 5.671)
2017-08-17 15:10:31.236  INFO 14742 --- [Thread-1] s.c.a.AnnotationConfigApplicationContext : Closing org.springframework.context.annotation.AnnotationConfigApplicationContext@3a44431a: startup date [Thu Aug 17 15:10:28 BRT 2017]; root of context hierarchy
2017-08-17 15:10:31.239  INFO 14742 --- [Thread-1] o.s.c.support.DefaultLifecycleProcessor  : Stopping beans in phase 2147483647
2017-08-17 15:10:31.259  INFO 14742 --- [Thread-1] o.s.a.r.l.SimpleMessageListenerContainer : Waiting for workers to finish.
2017-08-17 15:10:31.260  INFO 14742 --- [Thread-1] o.s.a.r.l.SimpleMessageListenerContainer : Successfully waited for workers to finish.
2017-08-17 15:10:31.260  INFO 14742 --- [Thread-1] o.s.c.support.DefaultLifecycleProcessor  : Stopping beans in phase -2147482648
